[Sun Dec 29 2013 21:51:43 GMT+0800 (CST)] /
Error: no open connections
    at Db._executeQueryCommand (/Users/findix/SkyDrive/Code/Nodejs/N-blog/node_modules/connect-mongo/node_modules/mongodb/lib/mongodb/db.js:1705:21)
    at Cursor.nextObject (/Users/findix/SkyDrive/Code/Nodejs/N-blog/node_modules/connect-mongo/node_modules/mongodb/lib/mongodb/cursor.js:649:13)
    at Collection.findOne (/Users/findix/SkyDrive/Code/Nodejs/N-blog/node_modules/connect-mongo/node_modules/mongodb/lib/mongodb/collection.js:1008:10)
    at /Users/findix/SkyDrive/Code/Nodejs/N-blog/node_modules/connect-mongo/lib/connect-mongo.js:186:18
    at MongoStore._get_collection (/Users/findix/SkyDrive/Code/Nodejs/N-blog/node_modules/connect-mongo/lib/connect-mongo.js:126:21)
    at MongoStore.get (/Users/findix/SkyDrive/Code/Nodejs/N-blog/node_modules/connect-mongo/lib/connect-mongo.js:185:10)
    at Object.session [as handle] (/Users/findix/SkyDrive/Code/Nodejs/N-blog/node_modules/express/node_modules/connect/lib/middleware/session.js:314:11)
    at next (/Users/findix/SkyDrive/Code/Nodejs/N-blog/node_modules/express/node_modules/connect/lib/proto.js:193:15)
    at Object.cookieParser [as handle] (/Users/findix/SkyDrive/Code/Nodejs/N-blog/node_modules/express/node_modules/connect/lib/middleware/cookieParser.js:60:5)
    at next (/Users/findix/SkyDrive/Code/Nodejs/N-blog/node_modules/express/node_modules/connect/lib/proto.js:193:15)
[Sun Dec 29 2013 21:55:52 GMT+0800 (CST)] /
Error: no open connections
    at Db._executeQueryCommand (/Users/findix/SkyDrive/Code/Nodejs/N-blog/node_modules/connect-mongo/node_modules/mongodb/lib/mongodb/db.js:1705:21)
    at Cursor.nextObject (/Users/findix/SkyDrive/Code/Nodejs/N-blog/node_modules/connect-mongo/node_modules/mongodb/lib/mongodb/cursor.js:649:13)
    at Collection.findOne (/Users/findix/SkyDrive/Code/Nodejs/N-blog/node_modules/connect-mongo/node_modules/mongodb/lib/mongodb/collection.js:1008:10)
    at /Users/findix/SkyDrive/Code/Nodejs/N-blog/node_modules/connect-mongo/lib/connect-mongo.js:186:18
    at MongoStore._get_collection (/Users/findix/SkyDrive/Code/Nodejs/N-blog/node_modules/connect-mongo/lib/connect-mongo.js:126:21)
    at MongoStore.get (/Users/findix/SkyDrive/Code/Nodejs/N-blog/node_modules/connect-mongo/lib/connect-mongo.js:185:10)
    at Object.session [as handle] (/Users/findix/SkyDrive/Code/Nodejs/N-blog/node_modules/express/node_modules/connect/lib/middleware/session.js:314:11)
    at next (/Users/findix/SkyDrive/Code/Nodejs/N-blog/node_modules/express/node_modules/connect/lib/proto.js:193:15)
    at Object.cookieParser [as handle] (/Users/findix/SkyDrive/Code/Nodejs/N-blog/node_modules/express/node_modules/connect/lib/middleware/cookieParser.js:60:5)
    at next (/Users/findix/SkyDrive/Code/Nodejs/N-blog/node_modules/express/node_modules/connect/lib/proto.js:193:15)
[Sun Dec 29 2013 21:59:01 GMT+0800 (CST)] /
TypeError: Cannot call method 'indexOf' of undefined
    at Function.Db.connect (/Users/findix/SkyDrive/Code/Nodejs/N-blog/node_modules/mongodb/lib/mongodb/db.js:1858:10)
    at Function.Post.getTen (/Users/findix/SkyDrive/Code/Nodejs/N-blog/models/post.js:67:11)
    at /Users/findix/SkyDrive/Code/Nodejs/N-blog/routes/index.js:12:10
    at callbacks (/Users/findix/SkyDrive/Code/Nodejs/N-blog/node_modules/express/lib/router/index.js:164:37)
    at param (/Users/findix/SkyDrive/Code/Nodejs/N-blog/node_modules/express/lib/router/index.js:138:11)
    at pass (/Users/findix/SkyDrive/Code/Nodejs/N-blog/node_modules/express/lib/router/index.js:145:5)
    at Router._dispatch (/Users/findix/SkyDrive/Code/Nodejs/N-blog/node_modules/express/lib/router/index.js:173:5)
    at Object.router (/Users/findix/SkyDrive/Code/Nodejs/N-blog/node_modules/express/lib/router/index.js:33:10)
    at next (/Users/findix/SkyDrive/Code/Nodejs/N-blog/node_modules/express/node_modules/connect/lib/proto.js:193:15)
    at Object.session [as handle] (/Users/findix/SkyDrive/Code/Nodejs/N-blog/node_modules/express/node_modules/connect/lib/middleware/session.js:307:7)
[Sun Dec 29 2013 21:59:03 GMT+0800 (CST)] /
TypeError: Cannot call method 'indexOf' of undefined
    at Function.Db.connect (/Users/findix/SkyDrive/Code/Nodejs/N-blog/node_modules/mongodb/lib/mongodb/db.js:1858:10)
    at Function.Post.getTen (/Users/findix/SkyDrive/Code/Nodejs/N-blog/models/post.js:67:11)
    at /Users/findix/SkyDrive/Code/Nodejs/N-blog/routes/index.js:12:10
    at callbacks (/Users/findix/SkyDrive/Code/Nodejs/N-blog/node_modules/express/lib/router/index.js:164:37)
    at param (/Users/findix/SkyDrive/Code/Nodejs/N-blog/node_modules/express/lib/router/index.js:138:11)
    at pass (/Users/findix/SkyDrive/Code/Nodejs/N-blog/node_modules/express/lib/router/index.js:145:5)
    at Router._dispatch (/Users/findix/SkyDrive/Code/Nodejs/N-blog/node_modules/express/lib/router/index.js:173:5)
    at Object.router (/Users/findix/SkyDrive/Code/Nodejs/N-blog/node_modules/express/lib/router/index.js:33:10)
    at next (/Users/findix/SkyDrive/Code/Nodejs/N-blog/node_modules/express/node_modules/connect/lib/proto.js:193:15)
    at next (/Users/findix/SkyDrive/Code/Nodejs/N-blog/node_modules/express/node_modules/connect/lib/middleware/session.js:318:9)
